<?xml version="1.0" encoding="UTF-8"?>
<robot generator="Robot 4.1.3 (Python 3.9.10 on darwin)" generated="20220314 15:47:34.257" rpa="false" schemaversion="2">
<suite id="s1" name="Appiumtest" source="/Users/jetdoppio/Desktop/Robot Framework File/appiumExercise/appiumtest.robot">
<test id="s1-t1" name="Open Test Applcation For Android">
<kw name="Open Test Application">
<kw name="Open Application" library="AppiumLibrary">
<arg>remote_url=http://localhost:4723/wd/hub</arg>
<arg>deviceName=Pixel 2 API 32</arg>
<arg>platformVersion=12.0</arg>
<arg>platformName=Android</arg>
<arg>appPackage=th.co.the1.the1app.uat</arg>
<arg>appActivity=th.co.the1.the1app.ui.screens.guest.GuestActivity</arg>
<doc>Opens a new application to given Appium server.
Capabilities of appium server, Android and iOS,
Please check https://github.com/appium/appium/blob/master/docs/en/writing-running-appium/server-args.md
| *Option*            | *Man.* | *Description*     |
| remote_url          | Yes    | Appium server url |
| alias               | no     | alias             |</doc>
<status status="PASS" starttime="20220314 15:47:34.321" endtime="20220314 15:47:43.215"/>
</kw>
<status status="PASS" starttime="20220314 15:47:34.321" endtime="20220314 15:47:43.216"/>
</kw>
<kw name="Click Sign In">
<kw name="Wait Until Page Contains Element" library="AppiumLibrary">
<arg>id=th.co.the1.the1app.uat:id/btLogin</arg>
<doc>Waits until element specified with `locator` appears on current page.</doc>
<status status="PASS" starttime="20220314 15:47:43.218" endtime="20220314 15:47:43.817"/>
</kw>
<kw name="Tap" library="AppiumLibrary">
<arg>id=th.co.the1.the1app.uat:id/btLogin</arg>
<doc>Tap element identified by ``locator``. </doc>
<status status="PASS" starttime="20220314 15:47:43.817" endtime="20220314 15:47:44.001"/>
</kw>
<status status="PASS" starttime="20220314 15:47:43.216" endtime="20220314 15:47:44.002"/>
</kw>
<kw name="Input Mobile Phone Number">
<arg>0814904200</arg>
<kw name="Wait Until Page Contains Element" library="AppiumLibrary">
<arg>id=th.co.the1.the1app.uat:id/etSpinnerTextInputPrimary</arg>
<doc>Waits until element specified with `locator` appears on current page.</doc>
<status status="PASS" starttime="20220314 15:47:44.002" endtime="20220314 15:47:45.198"/>
</kw>
<kw name="Input Text" library="AppiumLibrary">
<arg>id=th.co.the1.the1app.uat:id/etSpinnerTextInputPrimary</arg>
<arg>${phoneNumber}</arg>
<doc>Types the given `text` into text field identified by `locator`.</doc>
<msg timestamp="20220314 15:47:45.202" level="INFO">Typing text '0814904200' into text field 'id=th.co.the1.the1app.uat:id/etSpinnerTextInputPrimary'</msg>
<status status="PASS" starttime="20220314 15:47:45.199" endtime="20220314 15:47:46.232"/>
</kw>
<status status="PASS" starttime="20220314 15:47:44.002" endtime="20220314 15:47:46.232"/>
</kw>
<kw name="Click Continue Mobile Phone Number">
<kw name="Tap" library="AppiumLibrary">
<arg>th.co.the1.the1app.uat:id/btGreetingContinue</arg>
<doc>Tap element identified by ``locator``. </doc>
<status status="PASS" starttime="20220314 15:47:46.234" endtime="20220314 15:47:46.996"/>
</kw>
<status status="PASS" starttime="20220314 15:47:46.233" endtime="20220314 15:47:46.996"/>
</kw>
<kw name="Input Pin">
<arg>123456</arg>
<kw name="Wait Until Page Contains Element" library="AppiumLibrary">
<arg>id=th.co.the1.the1app.uat:id/mtptiPinEntry</arg>
<doc>Waits until element specified with `locator` appears on current page.</doc>
<status status="PASS" starttime="20220314 15:47:46.997" endtime="20220314 15:47:48.255"/>
</kw>
<kw name="Input Text" library="AppiumLibrary">
<arg>id=th.co.the1.the1app.uat:id/mtptiPinEntry</arg>
<arg>${pin}</arg>
<doc>Types the given `text` into text field identified by `locator`.</doc>
<msg timestamp="20220314 15:47:48.260" level="INFO">Typing text '123456' into text field 'id=th.co.the1.the1app.uat:id/mtptiPinEntry'</msg>
<status status="PASS" starttime="20220314 15:47:48.257" endtime="20220314 15:47:48.346"/>
</kw>
<status status="PASS" starttime="20220314 15:47:46.997" endtime="20220314 15:47:48.347"/>
</kw>
<kw name="Wait Until Element Is Visible" library="AppiumLibrary">
<arg>//android.view.ViewGroup[android.widget.TextView[@text='The 1 ${\n}Today']]</arg>
<doc>Waits until element specified with `locator` is visible.</doc>
<status status="PASS" starttime="20220314 15:47:48.347" endtime="20220314 15:47:53.651"/>
</kw>
<kw name="Tap" library="AppiumLibrary">
<arg>//android.view.ViewGroup[android.widget.TextView[@text='The 1 ${\n}Today']]</arg>
<doc>Tap element identified by ``locator``. </doc>
<status status="PASS" starttime="20220314 15:47:53.658" endtime="20220314 15:47:54.296"/>
</kw>
<kw name="Wait Until Element Is Visible" library="AppiumLibrary">
<arg>//androidx.recyclerview.widget.RecyclerView</arg>
<doc>Waits until element specified with `locator` is visible.</doc>
<status status="PASS" starttime="20220314 15:47:54.296" endtime="20220314 15:47:55.612"/>
</kw>
<kw name="Go Back" library="AppiumLibrary">
<doc>Goes one step backward in the browser history.</doc>
<status status="PASS" starttime="20220314 15:47:55.614" endtime="20220314 15:47:55.680"/>
</kw>
<kw name="Wait Until Element Is Visible" library="AppiumLibrary">
<arg>//android.view.ViewGroup[android.widget.TextView[@text='The 1 ${\n}Family']]</arg>
<doc>Waits until element specified with `locator` is visible.</doc>
<status status="PASS" starttime="20220314 15:47:55.681" endtime="20220314 15:47:57.095"/>
</kw>
<kw name="Tap" library="AppiumLibrary">
<arg>//android.view.ViewGroup[android.widget.TextView[@text='The 1 ${\n}Family']]</arg>
<doc>Tap element identified by ``locator``. </doc>
<status status="PASS" starttime="20220314 15:47:57.095" endtime="20220314 15:47:57.332"/>
</kw>
<kw name="Wait Until Element Is Visible" library="AppiumLibrary">
<arg>id=th.co.the1.the1app.uat:id/ivThe1FamilyBackground</arg>
<doc>Waits until element specified with `locator` is visible.</doc>
<status status="PASS" starttime="20220314 15:47:57.332" endtime="20220314 15:47:58.942"/>
</kw>
<kw name="Go Back" library="AppiumLibrary">
<doc>Goes one step backward in the browser history.</doc>
<status status="PASS" starttime="20220314 15:47:58.943" endtime="20220314 15:47:58.997"/>
</kw>
<kw name="Wait Until Element Is Visible" library="AppiumLibrary">
<arg>//android.view.ViewGroup[android.widget.TextView[@text='The 1 ${\n}Mission']]</arg>
<doc>Waits until element specified with `locator` is visible.</doc>
<status status="PASS" starttime="20220314 15:47:58.997" endtime="20220314 15:47:59.880"/>
</kw>
<kw name="Tap" library="AppiumLibrary">
<arg>//android.view.ViewGroup[android.widget.TextView[@text='The 1 ${\n}Mission']]</arg>
<doc>Tap element identified by ``locator``. </doc>
<status status="PASS" starttime="20220314 15:47:59.881" endtime="20220314 15:48:00.138"/>
</kw>
<kw name="Wait Until Element Is Visible" library="AppiumLibrary">
<arg>id=th.co.the1.the1app.uat:id/layMyMissionStatus</arg>
<doc>Waits until element specified with `locator` is visible.</doc>
<status status="PASS" starttime="20220314 15:48:00.138" endtime="20220314 15:48:01.572"/>
</kw>
<kw name="Go Back" library="AppiumLibrary">
<doc>Goes one step backward in the browser history.</doc>
<status status="PASS" starttime="20220314 15:48:01.573" endtime="20220314 15:48:01.620"/>
</kw>
<kw name="Wait Until Element Is Visible" library="AppiumLibrary">
<arg>//android.view.ViewGroup[android.widget.TextView[@text='Cash ${\n}Coupon']]</arg>
<doc>Waits until element specified with `locator` is visible.</doc>
<status status="PASS" starttime="20220314 15:48:01.621" endtime="20220314 15:48:02.498"/>
</kw>
<kw name="Tap" library="AppiumLibrary">
<arg>//android.view.ViewGroup[android.widget.TextView[@text='Cash ${\n}Coupon']]</arg>
<doc>Tap element identified by ``locator``. </doc>
<status status="PASS" starttime="20220314 15:48:02.498" endtime="20220314 15:48:02.719"/>
</kw>
<kw name="Wait Until Element Is Visible" library="AppiumLibrary">
<arg>id=th.co.the1.the1app.uat:id/vsEcash</arg>
<doc>Waits until element specified with `locator` is visible.</doc>
<status status="PASS" starttime="20220314 15:48:02.719" endtime="20220314 15:48:03.928"/>
</kw>
<kw name="Go Back" library="AppiumLibrary">
<doc>Goes one step backward in the browser history.</doc>
<status status="PASS" starttime="20220314 15:48:03.929" endtime="20220314 15:48:03.995"/>
</kw>
<status status="PASS" starttime="20220314 15:47:34.320" endtime="20220314 15:48:03.998"/>
</test>
<status status="PASS" starttime="20220314 15:47:34.258" endtime="20220314 15:48:04.002"/>
</suite>
<statistics>
<total>
<stat pass="1" fail="0" skip="0">All Tests</stat>
</total>
<tag>
</tag>
<suite>
<stat pass="1" fail="0" skip="0" id="s1" name="Appiumtest">Appiumtest</stat>
</suite>
</statistics>
<errors>
<msg timestamp="20220314 15:47:34.256" level="ERROR">Error in file '/Users/jetdoppio/Desktop/Robot Framework File/appiumExercise/appiumtest.robot' on line 3: Non-existing setting '//android.view.ViewGroup[android.widget.TextView[@text='The 1 Today']]'.</msg>
</errors>
</robot>
