<?xml version="1.0" encoding="UTF-8"?>
<robot generator="Robot 4.1.3 (Python 3.9.10 on darwin)" generated="20220314 17:07:50.417" rpa="false" schemaversion="2">
<suite id="s1" name="Appiumtest" source="/Users/jetdoppio/Desktop/Robot Framework File/appiumExercise/testcases/appiumtest.robot">
<test id="s1-t1" name="Open Test Applcation For Android">
<kw name="Open Test Application" library="features">
<kw name="Open Application" library="AppiumLibrary">
<arg>remote_url=http://localhost:4723/wd/hub</arg>
<arg>deviceName=Pixel 2 API 32</arg>
<arg>platformVersion=12.0</arg>
<arg>platformName=Android</arg>
<arg>appPackage=th.co.the1.the1app.uat</arg>
<arg>appActivity=th.co.the1.the1app.ui.screens.guest.GuestActivity</arg>
<doc>Opens a new application to given Appium server.
Capabilities of appium server, Android and iOS,
Please check https://github.com/appium/appium/blob/master/docs/en/writing-running-appium/server-args.md
| *Option*            | *Man.* | *Description*     |
| remote_url          | Yes    | Appium server url |
| alias               | no     | alias             |</doc>
<status status="PASS" starttime="20220314 17:07:50.508" endtime="20220314 17:08:04.167"/>
</kw>
<status status="PASS" starttime="20220314 17:07:50.508" endtime="20220314 17:08:04.167"/>
</kw>
<kw name="Click Sign In" library="login">
<kw name="Wait Until Page Contains Element" library="AppiumLibrary">
<arg>id=${signInButtonId}</arg>
<doc>Waits until element specified with `locator` appears on current page.</doc>
<status status="PASS" starttime="20220314 17:08:04.168" endtime="20220314 17:08:04.610"/>
</kw>
<kw name="Tap" library="AppiumLibrary">
<arg>id=${signInButtonId}</arg>
<doc>Tap element identified by ``locator``. </doc>
<status status="PASS" starttime="20220314 17:08:04.610" endtime="20220314 17:08:04.837"/>
</kw>
<status status="PASS" starttime="20220314 17:08:04.168" endtime="20220314 17:08:04.837"/>
</kw>
<kw name="Input Mobile Phone Number" library="login">
<arg>0814904200</arg>
<kw name="Wait Until Page Contains Element" library="AppiumLibrary">
<arg>id=th.co.the1.the1app.uat:id/etSpinnerTextInputPrimary</arg>
<doc>Waits until element specified with `locator` appears on current page.</doc>
<status status="PASS" starttime="20220314 17:08:04.839" endtime="20220314 17:08:05.476"/>
</kw>
<kw name="Input Text" library="AppiumLibrary">
<arg>id=th.co.the1.the1app.uat:id/etSpinnerTextInputPrimary</arg>
<arg>${phoneNumber}</arg>
<doc>Types the given `text` into text field identified by `locator`.</doc>
<msg timestamp="20220314 17:08:05.479" level="INFO">Typing text '0814904200' into text field 'id=th.co.the1.the1app.uat:id/etSpinnerTextInputPrimary'</msg>
<status status="PASS" starttime="20220314 17:08:05.476" endtime="20220314 17:08:06.059"/>
</kw>
<status status="PASS" starttime="20220314 17:08:04.838" endtime="20220314 17:08:06.059"/>
</kw>
<kw name="Click Continue Mobile Phone Number" library="login">
<kw name="Tap" library="AppiumLibrary">
<arg>${continueButtonId}</arg>
<doc>Tap element identified by ``locator``. </doc>
<status status="PASS" starttime="20220314 17:08:06.060" endtime="20220314 17:08:06.871"/>
</kw>
<status status="PASS" starttime="20220314 17:08:06.060" endtime="20220314 17:08:06.871"/>
</kw>
<kw name="Input Pin" library="login">
<arg>123456</arg>
<kw name="Wait Until Page Contains Element" library="AppiumLibrary">
<arg>id=th.co.the1.the1app.uat:id/mtptiPinEntry</arg>
<doc>Waits until element specified with `locator` appears on current page.</doc>
<status status="PASS" starttime="20220314 17:08:06.872" endtime="20220314 17:08:08.667"/>
</kw>
<kw name="Input Text" library="AppiumLibrary">
<arg>id=th.co.the1.the1app.uat:id/mtptiPinEntry</arg>
<arg>${pin}</arg>
<doc>Types the given `text` into text field identified by `locator`.</doc>
<msg timestamp="20220314 17:08:08.672" level="INFO">Typing text '123456' into text field 'id=th.co.the1.the1app.uat:id/mtptiPinEntry'</msg>
<status status="PASS" starttime="20220314 17:08:08.668" endtime="20220314 17:08:10.147"/>
</kw>
<status status="PASS" starttime="20220314 17:08:06.871" endtime="20220314 17:08:10.148"/>
</kw>
<kw name="Click The One Today" library="home">
<kw name="Wait Until Element Is Visible" library="AppiumLibrary">
<arg>${theOneTodayButton}</arg>
<doc>Waits until element specified with `locator` is visible.</doc>
<status status="PASS" starttime="20220314 17:08:10.150" endtime="20220314 17:08:13.931"/>
</kw>
<kw name="Tap" library="AppiumLibrary">
<arg>${theOneTodayButton}</arg>
<doc>Tap element identified by ``locator``. </doc>
<status status="PASS" starttime="20220314 17:08:13.933" endtime="20220314 17:08:14.225"/>
</kw>
<status status="PASS" starttime="20220314 17:08:10.149" endtime="20220314 17:08:14.225"/>
</kw>
<kw name="Wait Until Element Is Visible" library="AppiumLibrary">
<arg>${TodayArticleContainer}</arg>
<doc>Waits until element specified with `locator` is visible.</doc>
<status status="PASS" starttime="20220314 17:08:14.226" endtime="20220314 17:08:15.469"/>
</kw>
<kw name="Go Back" library="AppiumLibrary">
<doc>Goes one step backward in the browser history.</doc>
<status status="PASS" starttime="20220314 17:08:15.469" endtime="20220314 17:08:15.536"/>
</kw>
<kw name="Click The One Family" library="home">
<kw name="Wait Until Element Is Visible" library="AppiumLibrary">
<arg>${theOneFamilyButton}</arg>
<doc>Waits until element specified with `locator` is visible.</doc>
<status status="PASS" starttime="20220314 17:08:15.537" endtime="20220314 17:08:16.642"/>
</kw>
<kw name="Tap" library="AppiumLibrary">
<arg>${theOneFamilyButton}</arg>
<doc>Tap element identified by ``locator``. </doc>
<status status="PASS" starttime="20220314 17:08:16.642" endtime="20220314 17:08:16.852"/>
</kw>
<status status="PASS" starttime="20220314 17:08:15.536" endtime="20220314 17:08:16.852"/>
</kw>
<kw name="Wait Until Element Is Visible" library="AppiumLibrary">
<arg>${FamilyContainer}</arg>
<doc>Waits until element specified with `locator` is visible.</doc>
<status status="PASS" starttime="20220314 17:08:16.853" endtime="20220314 17:08:18.452"/>
</kw>
<kw name="Go Back" library="AppiumLibrary">
<doc>Goes one step backward in the browser history.</doc>
<status status="PASS" starttime="20220314 17:08:18.453" endtime="20220314 17:08:18.537"/>
</kw>
<kw name="Click The One Mission" library="home">
<kw name="Wait Until Element Is Visible" library="AppiumLibrary">
<arg>${theOneMissionButton}</arg>
<doc>Waits until element specified with `locator` is visible.</doc>
<status status="PASS" starttime="20220314 17:08:18.538" endtime="20220314 17:08:19.935"/>
</kw>
<kw name="Tap" library="AppiumLibrary">
<arg>${theOneMissionButton}</arg>
<doc>Tap element identified by ``locator``. </doc>
<status status="PASS" starttime="20220314 17:08:19.935" endtime="20220314 17:08:20.208"/>
</kw>
<status status="PASS" starttime="20220314 17:08:18.537" endtime="20220314 17:08:20.208"/>
</kw>
<kw name="Wait Until Element Is Visible" library="AppiumLibrary">
<arg>${missionStatusContainer}</arg>
<doc>Waits until element specified with `locator` is visible.</doc>
<status status="PASS" starttime="20220314 17:08:20.209" endtime="20220314 17:08:21.462"/>
</kw>
<kw name="Go Back" library="AppiumLibrary">
<doc>Goes one step backward in the browser history.</doc>
<status status="PASS" starttime="20220314 17:08:21.462" endtime="20220314 17:08:21.518"/>
</kw>
<kw name="Click Cash Coupon" library="home">
<kw name="Wait Until Element Is Visible" library="AppiumLibrary">
<arg>${cashCouponButton}</arg>
<doc>Waits until element specified with `locator` is visible.</doc>
<status status="PASS" starttime="20220314 17:08:21.519" endtime="20220314 17:08:22.347"/>
</kw>
<kw name="Tap" library="AppiumLibrary">
<arg>${cashCouponButton}</arg>
<doc>Tap element identified by ``locator``. </doc>
<status status="PASS" starttime="20220314 17:08:22.347" endtime="20220314 17:08:22.575"/>
</kw>
<status status="PASS" starttime="20220314 17:08:21.519" endtime="20220314 17:08:22.575"/>
</kw>
<kw name="Wait Until Element Is Visible" library="AppiumLibrary">
<arg>${vsEcashContainer}</arg>
<doc>Waits until element specified with `locator` is visible.</doc>
<status status="PASS" starttime="20220314 17:08:22.575" endtime="20220314 17:08:23.407"/>
</kw>
<kw name="Go Back" library="AppiumLibrary">
<doc>Goes one step backward in the browser history.</doc>
<status status="PASS" starttime="20220314 17:08:23.408" endtime="20220314 17:08:23.455"/>
</kw>
<status status="PASS" starttime="20220314 17:07:50.507" endtime="20220314 17:08:23.456"/>
</test>
<status status="PASS" starttime="20220314 17:07:50.418" endtime="20220314 17:08:23.457"/>
</suite>
<statistics>
<total>
<stat pass="1" fail="0" skip="0">All Tests</stat>
</total>
<tag>
</tag>
<suite>
<stat pass="1" fail="0" skip="0" id="s1" name="Appiumtest">Appiumtest</stat>
</suite>
</statistics>
<errors>
</errors>
</robot>
